<?xml version="1.0" encoding="UTF-8"?>
<testng-results skipped="0" failed="0" ignored="0" total="1" passed="1">
  <reporter-output>
  </reporter-output>
  <suite name="First" duration-ms="42921" started-at="2023-05-11T15:12:48 IST" finished-at="2023-05-11T15:13:31 IST">
    <groups>
    </groups>
    <test name="FirstTest" duration-ms="42921" started-at="2023-05-11T15:12:48 IST" finished-at="2023-05-11T15:13:31 IST">
      <class name="com.browserstack.run_first_test.FirstTest">
        <test-method status="PASS" signature="setUp()[pri:0, instance:com.browserstack.run_first_test.FirstTest@340b9973]" name="setUp" is-config="true" duration-ms="30645" started-at="2023-05-11T15:12:48 IST" finished-at="2023-05-11T15:13:19 IST">
          <reporter-output>
          </reporter-output>
        </test-method> <!-- setUp -->
        <test-method status="PASS" signature="test()[pri:0, instance:com.browserstack.run_first_test.FirstTest@340b9973]" name="test" duration-ms="10609" started-at="2023-05-11T15:13:19 IST" finished-at="2023-05-11T15:13:30 IST">
          <reporter-output>
          </reporter-output>
        </test-method> <!-- test -->
        <test-method status="PASS" signature="tearDown()[pri:0, instance:com.browserstack.run_first_test.FirstTest@340b9973]" name="tearDown" is-config="true" duration-ms="1363" started-at="2023-05-11T15:13:30 IST" finished-at="2023-05-11T15:13:31 IST">
          <reporter-output>
          </reporter-output>
        </test-method> <!-- tearDown -->
      </class> <!-- com.browserstack.run_first_test.FirstTest -->
    </test> <!-- FirstTest -->
  </suite> <!-- First -->
</testng-results>
